This file contains any messages produced by compilers while
running configure, to aid debugging if configure makes a mistake.

It was created by tlclipedit configure 0.1, which was
generated by GNU Autoconf 2.69.  Invocation command line was

  $ /home/translucentfoxhuman/projects/tlclipedit/configure --enable-maintainer-mode

## --------- ##
## Platform. ##
## --------- ##

hostname = translucentfoxhuman-Inspiron-3280-AIO
uname -m = x86_64
uname -r = 5.3.0-61-generic
uname -s = Linux
uname -v = #55~18.04.1-Ubuntu SMP Mon Jun 22 16:40:20 UTC 2020

/usr/bin/uname -p = unknown
/bin/uname -X     = unknown

/bin/arch              = unknown
/usr/bin/arch -k       = unknown
/usr/convex/getsysinfo = unknown
/usr/bin/hostinfo      = unknown
/bin/machine           = unknown
/usr/bin/oslevel       = unknown
/bin/universe          = unknown

PATH: /usr/local/sbin
PATH: /usr/local/bin
PATH: /usr/sbin
PATH: /usr/bin
PATH: /sbin
PATH: /bin
PATH: /usr/games
PATH: /usr/local/games
PATH: /snap/bin


## ----------- ##
## Core tests. ##
## ----------- ##

configure:2341: checking for a BSD-compatible install
configure:2409: result: /usr/bin/install -c
configure:2420: checking whether build environment is sane
configure:2475: result: yes
configure:2626: checking for a thread-safe mkdir -p
configure:2665: result: /bin/mkdir -p
configure:2672: checking for gawk
configure:2702: result: no
configure:2672: checking for mawk
configure:2688: found /usr/bin/mawk
configure:2699: result: mawk
configure:2710: checking whether make sets $(MAKE)
configure:2732: result: yes
configure:2761: checking whether make supports nested variables
configure:2778: result: yes
configure:2916: checking whether make supports nested variables
configure:2933: result: yes
configure:2993: checking for gcc
configure:3009: found /usr/bin/gcc
configure:3020: result: gcc
configure:3249: checking for C compiler version
configure:3258: gcc --version >&5
gcc (Ubuntu 7.5.0-3ubuntu1~18.04) 7.5.0
Copyright (C) 2017 Free Software Foundation, Inc.
This is free software; see the source for copying conditions.  There is NO
warranty; not even for MERCHANTABILITY or FITNESS FOR A PARTICULAR PURPOSE.

configure:3269: $? = 0
configure:3258: gcc -v >&5
Using built-in specs.
COLLECT_GCC=gcc
COLLECT_LTO_WRAPPER=/usr/lib/gcc/x86_64-linux-gnu/7/lto-wrapper
OFFLOAD_TARGET_NAMES=nvptx-none
OFFLOAD_TARGET_DEFAULT=1
Target: x86_64-linux-gnu
Configured with: ../src/configure -v --with-pkgversion='Ubuntu 7.5.0-3ubuntu1~18.04' --with-bugurl=file:///usr/share/doc/gcc-7/README.Bugs --enable-languages=c,ada,c++,go,brig,d,fortran,objc,obj-c++ --prefix=/usr --with-gcc-major-version-only --program-suffix=-7 --program-prefix=x86_64-linux-gnu- --enable-shared --enable-linker-build-id --libexecdir=/usr/lib --without-included-gettext --enable-threads=posix --libdir=/usr/lib --enable-nls --enable-bootstrap --enable-clocale=gnu --enable-libstdcxx-debug --enable-libstdcxx-time=yes --with-default-libstdcxx-abi=new --enable-gnu-unique-object --disable-vtable-verify --enable-libmpx --enable-plugin --enable-default-pie --with-system-zlib --with-target-system-zlib --enable-objc-gc=auto --enable-multiarch --disable-werror --with-arch-32=i686 --with-abi=m64 --with-multilib-list=m32,m64,mx32 --enable-multilib --with-tune=generic --enable-offload-targets=nvptx-none --without-cuda-driver --enable-checking=release --build=x86_64-linux-gnu --host=x86_64-linux-gnu --target=x86_64-linux-gnu
Thread model: posix
gcc version 7.5.0 (Ubuntu 7.5.0-3ubuntu1~18.04) 
configure:3269: $? = 0
configure:3258: gcc -V >&5
gcc: error: unrecognized command line option '-V'
gcc: fatal error: no input files
compilation terminated.
configure:3269: $? = 1
configure:3258: gcc -qversion >&5
gcc: error: unrecognized command line option '-qversion'; did you mean '--version'?
gcc: fatal error: no input files
compilation terminated.
configure:3269: $? = 1
configure:3289: checking whether the C compiler works
configure:3311: gcc    conftest.c  >&5
configure:3315: $? = 0
configure:3363: result: yes
configure:3366: checking for C compiler default output file name
configure:3368: result: a.out
configure:3374: checking for suffix of executables
configure:3381: gcc -o conftest    conftest.c  >&5
configure:3385: $? = 0
configure:3407: result: 
configure:3429: checking whether we are cross compiling
configure:3437: gcc -o conftest    conftest.c  >&5
configure:3441: $? = 0
configure:3448: ./conftest
configure:3452: $? = 0
configure:3467: result: no
configure:3472: checking for suffix of object files
configure:3494: gcc -c   conftest.c >&5
configure:3498: $? = 0
configure:3519: result: o
configure:3523: checking whether we are using the GNU C compiler
configure:3542: gcc -c   conftest.c >&5
configure:3542: $? = 0
configure:3551: result: yes
configure:3560: checking whether gcc accepts -g
configure:3580: gcc -c -g  conftest.c >&5
configure:3580: $? = 0
configure:3621: result: yes
configure:3638: checking for gcc option to accept ISO C89
configure:3701: gcc  -c -g -O2  conftest.c >&5
configure:3701: $? = 0
configure:3714: result: none needed
configure:3739: checking whether gcc understands -c and -o together
configure:3761: gcc -c conftest.c -o conftest2.o
configure:3764: $? = 0
configure:3761: gcc -c conftest.c -o conftest2.o
configure:3764: $? = 0
configure:3776: result: yes
configure:3804: checking for style of include used by make
configure:3832: result: GNU
configure:3858: checking dependency style of gcc
configure:3969: result: gcc3
configure:3989: checking whether NLS is requested
configure:3998: result: yes
configure:4016: checking for intltool >= 0.35.0
configure:4018: result: 0.51.0 found
configure:4026: checking for intltool-update
configure:4044: found /usr/bin/intltool-update
configure:4056: result: /usr/bin/intltool-update
configure:4066: checking for intltool-merge
configure:4084: found /usr/bin/intltool-merge
configure:4096: result: /usr/bin/intltool-merge
configure:4106: checking for intltool-extract
configure:4124: found /usr/bin/intltool-extract
configure:4136: result: /usr/bin/intltool-extract
configure:4290: checking for xgettext
configure:4308: found /usr/bin/xgettext
configure:4320: result: /usr/bin/xgettext
configure:4330: checking for msgmerge
configure:4348: found /usr/bin/msgmerge
configure:4360: result: /usr/bin/msgmerge
configure:4370: checking for msgfmt
configure:4388: found /usr/bin/msgfmt
configure:4400: result: /usr/bin/msgfmt
configure:4410: checking for gmsgfmt
configure:4441: result: /usr/bin/msgfmt
configure:4461: checking for perl
configure:4479: found /usr/bin/perl
configure:4491: result: /usr/bin/perl
configure:4502: checking for perl >= 5.8.1
configure:4509: result: 5.26.1
configure:4513: checking for XML::Parser
configure:4516: result: ok
configure:4544: checking how to run the C preprocessor
configure:4575: gcc -E  conftest.c
configure:4575: $? = 0
configure:4589: gcc -E  conftest.c
conftest.c:12:10: fatal error: ac_nonexistent.h: No such file or directory
 #include <ac_nonexistent.h>
          ^~~~~~~~~~~~~~~~~~
compilation terminated.
configure:4589: $? = 1
configure: failed program was:
| /* confdefs.h */
| #define PACKAGE_NAME "tlclipedit"
| #define PACKAGE_TARNAME "tlclipedit"
| #define PACKAGE_VERSION "0.1"
| #define PACKAGE_STRING "tlclipedit 0.1"
| #define PACKAGE_BUGREPORT ""
| #define PACKAGE_URL ""
| #define PACKAGE "tlclipedit"
| #define VERSION "0.1"
| #define GETTEXT_PACKAGE "tlclipedit"
| /* end confdefs.h.  */
| #include <ac_nonexistent.h>
configure:4614: result: gcc -E
configure:4634: gcc -E  conftest.c
configure:4634: $? = 0
configure:4648: gcc -E  conftest.c
conftest.c:12:10: fatal error: ac_nonexistent.h: No such file or directory
 #include <ac_nonexistent.h>
          ^~~~~~~~~~~~~~~~~~
compilation terminated.
configure:4648: $? = 1
configure: failed program was:
| /* confdefs.h */
| #define PACKAGE_NAME "tlclipedit"
| #define PACKAGE_TARNAME "tlclipedit"
| #define PACKAGE_VERSION "0.1"
| #define PACKAGE_STRING "tlclipedit 0.1"
| #define PACKAGE_BUGREPORT ""
| #define PACKAGE_URL ""
| #define PACKAGE "tlclipedit"
| #define VERSION "0.1"
| #define GETTEXT_PACKAGE "tlclipedit"
| /* end confdefs.h.  */
| #include <ac_nonexistent.h>
configure:4677: checking for grep that handles long lines and -e
configure:4735: result: /bin/grep
configure:4740: checking for egrep
configure:4802: result: /bin/grep -E
configure:4807: checking for ANSI C header files
configure:4827: gcc -c -g -O2  conftest.c >&5
configure:4827: $? = 0
configure:4900: gcc -o conftest -g -O2   conftest.c  >&5
configure:4900: $? = 0
configure:4900: ./conftest
configure:4900: $? = 0
configure:4911: result: yes
configure:4924: checking for sys/types.h
configure:4924: gcc -c -g -O2  conftest.c >&5
configure:4924: $? = 0
configure:4924: result: yes
configure:4924: checking for sys/stat.h
configure:4924: gcc -c -g -O2  conftest.c >&5
configure:4924: $? = 0
configure:4924: result: yes
configure:4924: checking for stdlib.h
configure:4924: gcc -c -g -O2  conftest.c >&5
configure:4924: $? = 0
configure:4924: result: yes
configure:4924: checking for string.h
configure:4924: gcc -c -g -O2  conftest.c >&5
configure:4924: $? = 0
configure:4924: result: yes
configure:4924: checking for memory.h
configure:4924: gcc -c -g -O2  conftest.c >&5
configure:4924: $? = 0
configure:4924: result: yes
configure:4924: checking for strings.h
configure:4924: gcc -c -g -O2  conftest.c >&5
configure:4924: $? = 0
configure:4924: result: yes
configure:4924: checking for inttypes.h
configure:4924: gcc -c -g -O2  conftest.c >&5
configure:4924: $? = 0
configure:4924: result: yes
configure:4924: checking for stdint.h
configure:4924: gcc -c -g -O2  conftest.c >&5
configure:4924: $? = 0
configure:4924: result: yes
configure:4924: checking for unistd.h
configure:4924: gcc -c -g -O2  conftest.c >&5
configure:4924: $? = 0
configure:4924: result: yes
configure:4939: checking locale.h usability
configure:4939: gcc -c -g -O2  conftest.c >&5
configure:4939: $? = 0
configure:4939: result: yes
configure:4939: checking locale.h presence
configure:4939: gcc -E  conftest.c
configure:4939: $? = 0
configure:4939: result: yes
configure:4939: checking for locale.h
configure:4939: result: yes
configure:4950: checking for LC_MESSAGES
configure:4966: gcc -o conftest -g -O2   conftest.c  >&5
configure:4966: $? = 0
configure:4974: result: yes
configure:4992: checking for CFPreferencesCopyAppValue
configure:5010: gcc -o conftest -g -O2   conftest.c  -Wl,-framework -Wl,CoreFoundation >&5
conftest.c:24:10: fatal error: CoreFoundation/CFPreferences.h: No such file or directory
 #include <CoreFoundation/CFPreferences.h>
          ^~~~~~~~~~~~~~~~~~~~~~~~~~~~~~~~
compilation terminated.
configure:5010: $? = 1
configure: failed program was:
| /* confdefs.h */
| #define PACKAGE_NAME "tlclipedit"
| #define PACKAGE_TARNAME "tlclipedit"
| #define PACKAGE_VERSION "0.1"
| #define PACKAGE_STRING "tlclipedit 0.1"
| #define PACKAGE_BUGREPORT ""
| #define PACKAGE_URL ""
| #define PACKAGE "tlclipedit"
| #define VERSION "0.1"
| #define GETTEXT_PACKAGE "tlclipedit"
| #define STDC_HEADERS 1
| #define HAVE_SYS_TYPES_H 1
| #define HAVE_SYS_STAT_H 1
| #define HAVE_STDLIB_H 1
| #define HAVE_STRING_H 1
| #define HAVE_MEMORY_H 1
| #define HAVE_STRINGS_H 1
| #define HAVE_INTTYPES_H 1
| #define HAVE_STDINT_H 1
| #define HAVE_UNISTD_H 1
| #define HAVE_LOCALE_H 1
| #define HAVE_LC_MESSAGES 1
| /* end confdefs.h.  */
| #include <CoreFoundation/CFPreferences.h>
| int
| main ()
| {
| CFPreferencesCopyAppValue(NULL, NULL)
|   ;
|   return 0;
| }
configure:5019: result: no
configure:5026: checking for CFLocaleCopyCurrent
configure:5044: gcc -o conftest -g -O2   conftest.c  -Wl,-framework -Wl,CoreFoundation >&5
conftest.c:24:10: fatal error: CoreFoundation/CFLocale.h: No such file or directory
 #include <CoreFoundation/CFLocale.h>
          ^~~~~~~~~~~~~~~~~~~~~~~~~~~
compilation terminated.
configure:5044: $? = 1
configure: failed program was:
| /* confdefs.h */
| #define PACKAGE_NAME "tlclipedit"
| #define PACKAGE_TARNAME "tlclipedit"
| #define PACKAGE_VERSION "0.1"
| #define PACKAGE_STRING "tlclipedit 0.1"
| #define PACKAGE_BUGREPORT ""
| #define PACKAGE_URL ""
| #define PACKAGE "tlclipedit"
| #define VERSION "0.1"
| #define GETTEXT_PACKAGE "tlclipedit"
| #define STDC_HEADERS 1
| #define HAVE_SYS_TYPES_H 1
| #define HAVE_SYS_STAT_H 1
| #define HAVE_STDLIB_H 1
| #define HAVE_STRING_H 1
| #define HAVE_MEMORY_H 1
| #define HAVE_STRINGS_H 1
| #define HAVE_INTTYPES_H 1
| #define HAVE_STDINT_H 1
| #define HAVE_UNISTD_H 1
| #define HAVE_LOCALE_H 1
| #define HAVE_LC_MESSAGES 1
| /* end confdefs.h.  */
| #include <CoreFoundation/CFLocale.h>
| int
| main ()
| {
| CFLocaleCopyCurrent();
|   ;
|   return 0;
| }
configure:5053: result: no
configure:5067: checking libintl.h usability
configure:5067: gcc -c -g -O2  conftest.c >&5
configure:5067: $? = 0
configure:5067: result: yes
configure:5067: checking libintl.h presence
configure:5067: gcc -E  conftest.c
configure:5067: $? = 0
configure:5067: result: yes
configure:5067: checking for libintl.h
configure:5067: result: yes
configure:5075: checking for ngettext in libc
configure:5093: gcc -o conftest -g -O2   conftest.c  >&5
configure:5093: $? = 0
configure:5102: result: yes
configure:5106: checking for dgettext in libc
configure:5124: gcc -o conftest -g -O2   conftest.c  >&5
configure:5124: $? = 0
configure:5133: result: yes
configure:5140: checking for bind_textdomain_codeset
configure:5140: gcc -o conftest -g -O2   conftest.c  >&5
configure:5140: $? = 0
configure:5140: result: yes
configure:5416: checking for msgfmt
configure:5443: result: /usr/bin/msgfmt
configure:5454: checking for dcgettext
configure:5454: gcc -o conftest -g -O2   conftest.c   >&5
conftest.c:49:6: warning: conflicting types for built-in function 'dcgettext' [-Wbuiltin-declaration-mismatch]
 char dcgettext ();
      ^~~~~~~~~
configure:5454: $? = 0
configure:5454: result: yes
configure:5464: checking if msgfmt accepts -c
configure:5479: $MSGFMT -c -o /dev/null conftest.foo
conftest.foo:3: warning: header field 'Language' missing in header
configure:5482: $? = 0
configure:5484: result: yes
configure:5494: checking for gmsgfmt
configure:5525: result: /usr/bin/msgfmt
configure:5535: checking for xgettext
configure:5562: result: /usr/bin/xgettext
configure:5581: gcc -o conftest -g -O2   conftest.c   >&5
configure:5581: $? = 0
configure:5727: checking build system type
configure:5741: result: x86_64-pc-linux-gnu
configure:5761: checking host system type
configure:5774: result: x86_64-pc-linux-gnu
configure:5873: checking how to print strings
configure:5900: result: printf
configure:5921: checking for a sed that does not truncate output
configure:5985: result: /bin/sed
configure:6003: checking for fgrep
configure:6065: result: /bin/grep -F
configure:6100: checking for ld used by gcc
configure:6167: result: /usr/bin/ld
configure:6174: checking if the linker (/usr/bin/ld) is GNU ld
configure:6189: result: yes
configure:6201: checking for BSD- or MS-compatible name lister (nm)
configure:6255: result: /usr/bin/nm -B
configure:6385: checking the name lister (/usr/bin/nm -B) interface
configure:6392: gcc -c -g -O2  conftest.c >&5
configure:6395: /usr/bin/nm -B "conftest.o"
configure:6398: output
0000000000000000 B some_variable
configure:6405: result: BSD nm
configure:6408: checking whether ln -s works
configure:6412: result: yes
configure:6420: checking the maximum length of command line arguments
configure:6551: result: 1572864
configure:6599: checking how to convert x86_64-pc-linux-gnu file names to x86_64-pc-linux-gnu format
configure:6639: result: func_convert_file_noop
configure:6646: checking how to convert x86_64-pc-linux-gnu file names to toolchain format
configure:6666: result: func_convert_file_noop
configure:6673: checking for /usr/bin/ld option to reload object files
configure:6680: result: -r
configure:6754: checking for objdump
configure:6770: found /usr/bin/objdump
configure:6781: result: objdump
configure:6810: checking how to recognize dependent libraries
configure:7010: result: pass_all
configure:7095: checking for dlltool
configure:7125: result: no
configure:7152: checking how to associate runtime and link libraries
configure:7179: result: printf %s\n
configure:7239: checking for ar
configure:7255: found /usr/bin/ar
configure:7266: result: ar
configure:7303: checking for archiver @FILE support
configure:7320: gcc -c -g -O2  conftest.c >&5
configure:7320: $? = 0
configure:7323: ar cru libconftest.a @conftest.lst >&5
ar: `u' modifier ignored since `D' is the default (see `U')
configure:7326: $? = 0
configure:7331: ar cru libconftest.a @conftest.lst >&5
ar: `u' modifier ignored since `D' is the default (see `U')
ar: conftest.o: No such file or directory
configure:7334: $? = 1
configure:7346: result: @
configure:7404: checking for strip
configure:7420: found /usr/bin/strip
configure:7431: result: strip
configure:7503: checking for ranlib
configure:7519: found /usr/bin/ranlib
configure:7530: result: ranlib
configure:7632: checking command to parse /usr/bin/nm -B output from gcc object
configure:7785: gcc -c -g -O2  conftest.c >&5
configure:7788: $? = 0
configure:7792: /usr/bin/nm -B conftest.o \| sed -n -e 's/^.*[ ]\([ABCDGIRSTW][ABCDGIRSTW]*\)[ ][ ]*\([_A-Za-z][_A-Za-z0-9]*\)$/\1 \2 \2/p' | sed '/ __gnu_lto/d' \> conftest.nm
configure:7795: $? = 0
configure:7861: gcc -o conftest -g -O2   conftest.c conftstm.o >&5
configure:7864: $? = 0
configure:7902: result: ok
configure:7949: checking for sysroot
configure:7979: result: no
configure:7986: checking for a working dd
configure:8024: result: /bin/dd
configure:8028: checking how to truncate binary pipes
configure:8043: result: /bin/dd bs=4096 count=1
configure:8179: gcc -c -g -O2  conftest.c >&5
configure:8182: $? = 0
configure:8372: checking for mt
configure:8388: found /bin/mt
configure:8399: result: mt
configure:8422: checking if mt is a manifest tool
configure:8428: mt '-?'
configure:8436: result: no
configure:9110: checking for dlfcn.h
configure:9110: gcc -c -g -O2  conftest.c >&5
configure:9110: $? = 0
configure:9110: result: yes
configure:9664: checking for objdir
configure:9679: result: .libs
configure:9939: checking if gcc supports -fno-rtti -fno-exceptions
configure:9957: gcc -c -g -O2  -fno-rtti -fno-exceptions conftest.c >&5
cc1: warning: command line option '-fno-rtti' is valid for C++/ObjC++ but not for C
configure:9961: $? = 0
configure:9974: result: no
configure:10332: checking for gcc option to produce PIC
configure:10339: result: -fPIC -DPIC
configure:10347: checking if gcc PIC flag -fPIC -DPIC works
configure:10365: gcc -c -g -O2  -fPIC -DPIC -DPIC conftest.c >&5
configure:10369: $? = 0
configure:10382: result: yes
configure:10411: checking if gcc static flag -static works
configure:10439: result: yes
configure:10454: checking if gcc supports -c -o file.o
configure:10475: gcc -c -g -O2  -o out/conftest2.o conftest.c >&5
configure:10479: $? = 0
configure:10501: result: yes
configure:10509: checking if gcc supports -c -o file.o
configure:10556: result: yes
configure:10589: checking whether the gcc linker (/usr/bin/ld -m elf_x86_64) supports shared libraries
configure:11852: result: yes
configure:11889: checking whether -lc should be explicitly linked in
configure:11897: gcc -c -g -O2  conftest.c >&5
configure:11900: $? = 0
configure:11915: gcc -shared  -fPIC -DPIC conftest.o  -v -Wl,-soname -Wl,conftest -o conftest 2\>\&1 \| /bin/grep  -lc  \>/dev/null 2\>\&1
configure:11918: $? = 0
configure:11932: result: no
configure:12092: checking dynamic linker characteristics
configure:12673: gcc -o conftest -g -O2   -Wl,-rpath -Wl,/foo conftest.c  >&5
configure:12673: $? = 0
configure:12922: result: GNU/Linux ld.so
configure:13044: checking how to hardcode library paths into programs
configure:13069: result: immediate
configure:13617: checking whether stripping libraries is possible
configure:13622: result: yes
configure:13657: checking if libtool supports shared libraries
configure:13659: result: yes
configure:13662: checking whether to build shared libraries
configure:13687: result: yes
configure:13690: checking whether to build static libraries
configure:13694: result: yes
configure:13787: checking for pkg-config
configure:13805: found /usr/bin/pkg-config
configure:13817: result: /usr/bin/pkg-config
configure:13842: checking pkg-config is at least version 0.9.0
configure:13845: result: yes
configure:13855: checking for TLCLIPEDIT
configure:13862: $PKG_CONFIG --exists --print-errors "gtk+-3.0 >= 2.90.3 "
configure:13865: $? = 0
configure:13879: $PKG_CONFIG --exists --print-errors "gtk+-3.0 >= 2.90.3 "
configure:13882: $? = 0
configure:13940: result: yes
configure:14059: checking that generated files are newer than configure
configure:14065: result: done
configure:14100: creating ./config.status

## ---------------------- ##
## Running config.status. ##
## ---------------------- ##

This file was extended by tlclipedit config.status 0.1, which was
generated by GNU Autoconf 2.69.  Invocation command line was

  CONFIG_FILES    = 
  CONFIG_HEADERS  = 
  CONFIG_LINKS    = 
  CONFIG_COMMANDS = 
  $ ./config.status 

on translucentfoxhuman-Inspiron-3280-AIO

config.status:1179: creating Makefile
config.status:1179: creating src/Makefile
config.status:1179: creating po/Makefile.in
config.status:1179: creating config.h
config.status:1408: executing depfiles commands
config.status:1408: executing default-1 commands
config.status:1408: executing libtool commands
config.status:1408: executing po/stamp-it commands
configure:16271: WARNING: unrecognized options: --enable-maintainer-mode

## ---------------- ##
## Cache variables. ##
## ---------------- ##

ac_cv_build=x86_64-pc-linux-gnu
ac_cv_c_compiler_gnu=yes
ac_cv_env_CC_set=
ac_cv_env_CC_value=
ac_cv_env_CFLAGS_set=
ac_cv_env_CFLAGS_value=
ac_cv_env_CPPFLAGS_set=
ac_cv_env_CPPFLAGS_value=
ac_cv_env_CPP_set=
ac_cv_env_CPP_value=
ac_cv_env_LDFLAGS_set=
ac_cv_env_LDFLAGS_value=
ac_cv_env_LIBS_set=
ac_cv_env_LIBS_value=
ac_cv_env_LT_SYS_LIBRARY_PATH_set=
ac_cv_env_LT_SYS_LIBRARY_PATH_value=
ac_cv_env_PKG_CONFIG_LIBDIR_set=
ac_cv_env_PKG_CONFIG_LIBDIR_value=
ac_cv_env_PKG_CONFIG_PATH_set=
ac_cv_env_PKG_CONFIG_PATH_value=
ac_cv_env_PKG_CONFIG_set=
ac_cv_env_PKG_CONFIG_value=
ac_cv_env_TLCLIPEDIT_CFLAGS_set=
ac_cv_env_TLCLIPEDIT_CFLAGS_value=
ac_cv_env_TLCLIPEDIT_LIBS_set=
ac_cv_env_TLCLIPEDIT_LIBS_value=
ac_cv_env_build_alias_set=
ac_cv_env_build_alias_value=
ac_cv_env_host_alias_set=
ac_cv_env_host_alias_value=
ac_cv_env_target_alias_set=
ac_cv_env_target_alias_value=
ac_cv_func_bind_textdomain_codeset=yes
ac_cv_func_dcgettext=yes
ac_cv_header_dlfcn_h=yes
ac_cv_header_inttypes_h=yes
ac_cv_header_libintl_h=yes
ac_cv_header_locale_h=yes
ac_cv_header_memory_h=yes
ac_cv_header_stdc=yes
ac_cv_header_stdint_h=yes
ac_cv_header_stdlib_h=yes
ac_cv_header_string_h=yes
ac_cv_header_strings_h=yes
ac_cv_header_sys_stat_h=yes
ac_cv_header_sys_types_h=yes
ac_cv_header_unistd_h=yes
ac_cv_host=x86_64-pc-linux-gnu
ac_cv_objext=o
ac_cv_path_EGREP='/bin/grep -E'
ac_cv_path_FGREP='/bin/grep -F'
ac_cv_path_GMSGFMT=/usr/bin/msgfmt
ac_cv_path_GREP=/bin/grep
ac_cv_path_INTLTOOL_EXTRACT=/usr/bin/intltool-extract
ac_cv_path_INTLTOOL_MERGE=/usr/bin/intltool-merge
ac_cv_path_INTLTOOL_PERL=/usr/bin/perl
ac_cv_path_INTLTOOL_UPDATE=/usr/bin/intltool-update
ac_cv_path_MSGFMT=/usr/bin/msgfmt
ac_cv_path_MSGMERGE=/usr/bin/msgmerge
ac_cv_path_SED=/bin/sed
ac_cv_path_XGETTEXT=/usr/bin/xgettext
ac_cv_path_ac_pt_PKG_CONFIG=/usr/bin/pkg-config
ac_cv_path_install='/usr/bin/install -c'
ac_cv_path_lt_DD=/bin/dd
ac_cv_path_mkdir=/bin/mkdir
ac_cv_prog_AWK=mawk
ac_cv_prog_CPP='gcc -E'
ac_cv_prog_ac_ct_AR=ar
ac_cv_prog_ac_ct_CC=gcc
ac_cv_prog_ac_ct_MANIFEST_TOOL=mt
ac_cv_prog_ac_ct_OBJDUMP=objdump
ac_cv_prog_ac_ct_RANLIB=ranlib
ac_cv_prog_ac_ct_STRIP=strip
ac_cv_prog_cc_c89=
ac_cv_prog_cc_g=yes
ac_cv_prog_make_make_set=yes
am_cv_CC_dependencies_compiler_type=gcc3
am_cv_make_support_nested_variables=yes
am_cv_prog_cc_c_o=yes
am_cv_val_LC_MESSAGES=yes
gt_cv_func_CFLocaleCopyCurrent=no
gt_cv_func_CFPreferencesCopyAppValue=no
gt_cv_func_dgettext_libc=yes
gt_cv_func_dgettext_libintl=no
gt_cv_func_ngettext_libc=yes
gt_cv_have_gettext=yes
lt_cv_ar_at_file=@
lt_cv_archive_cmds_need_lc=no
lt_cv_deplibs_check_method=pass_all
lt_cv_file_magic_cmd='$MAGIC_CMD'
lt_cv_file_magic_test_file=
lt_cv_ld_reload_flag=-r
lt_cv_nm_interface='BSD nm'
lt_cv_objdir=.libs
lt_cv_path_LD=/usr/bin/ld
lt_cv_path_NM='/usr/bin/nm -B'
lt_cv_path_mainfest_tool=no
lt_cv_prog_compiler_c_o=yes
lt_cv_prog_compiler_pic='-fPIC -DPIC'
lt_cv_prog_compiler_pic_works=yes
lt_cv_prog_compiler_rtti_exceptions=no
lt_cv_prog_compiler_static_works=yes
lt_cv_prog_gnu_ld=yes
lt_cv_sharedlib_from_linklib_cmd='printf %s\n'
lt_cv_shlibpath_overrides_runpath=yes
lt_cv_sys_global_symbol_pipe='sed -n -e '\''s/^.*[	 ]\([ABCDGIRSTW][ABCDGIRSTW]*\)[	 ][	 ]*\([_A-Za-z][_A-Za-z0-9]*\)$/\1 \2 \2/p'\'' | sed '\''/ __gnu_lto/d'\'''
lt_cv_sys_global_symbol_to_c_name_address='sed -n -e '\''s/^: \(.*\) .*$/  {"\1", (void *) 0},/p'\'' -e '\''s/^[ABCDGIRSTW][ABCDGIRSTW]* .* \(.*\)$/  {"\1", (void *) \&\1},/p'\'''
lt_cv_sys_global_symbol_to_c_name_address_lib_prefix='sed -n -e '\''s/^: \(.*\) .*$/  {"\1", (void *) 0},/p'\'' -e '\''s/^[ABCDGIRSTW][ABCDGIRSTW]* .* \(lib.*\)$/  {"\1", (void *) \&\1},/p'\'' -e '\''s/^[ABCDGIRSTW][ABCDGIRSTW]* .* \(.*\)$/  {"lib\1", (void *) \&\1},/p'\'''
lt_cv_sys_global_symbol_to_cdecl='sed -n -e '\''s/^T .* \(.*\)$/extern int \1();/p'\'' -e '\''s/^[ABCDGIRSTW][ABCDGIRSTW]* .* \(.*\)$/extern char \1;/p'\'''
lt_cv_sys_global_symbol_to_import=
lt_cv_sys_max_cmd_len=1572864
lt_cv_to_host_file_cmd=func_convert_file_noop
lt_cv_to_tool_file_cmd=func_convert_file_noop
lt_cv_truncate_bin='/bin/dd bs=4096 count=1'
pkg_cv_TLCLIPEDIT_CFLAGS='-pthread -I/usr/include/gtk-3.0 -I/usr/include/at-spi2-atk/2.0 -I/usr/include/at-spi-2.0 -I/usr/include/dbus-1.0 -I/usr/lib/x86_64-linux-gnu/dbus-1.0/include -I/usr/include/gtk-3.0 -I/usr/include/gio-unix-2.0/ -I/usr/include/cairo -I/usr/include/pango-1.0 -I/usr/include/harfbuzz -I/usr/include/pango-1.0 -I/usr/include/atk-1.0 -I/usr/include/cairo -I/usr/include/pixman-1 -I/usr/include/freetype2 -I/usr/include/libpng16 -I/usr/include/freetype2 -I/usr/include/libpng16 -I/usr/include/gdk-pixbuf-2.0 -I/usr/include/libpng16 -I/usr/include/glib-2.0 -I/usr/lib/x86_64-linux-gnu/glib-2.0/include'
pkg_cv_TLCLIPEDIT_LIBS='-lgtk-3 -lgdk-3 -lpangocairo-1.0 -lpango-1.0 -latk-1.0 -lcairo-gobject -lcairo -lgdk_pixbuf-2.0 -lgio-2.0 -lgobject-2.0 -lglib-2.0'

## ----------------- ##
## Output variables. ##
## ----------------- ##

ACLOCAL='${SHELL} /home/translucentfoxhuman/projects/tlclipedit/missing aclocal-1.15'
ALL_LINGUAS=''
AMDEPBACKSLASH='\'
AMDEP_FALSE='#'
AMDEP_TRUE=''
AMTAR='$${TAR-tar}'
AM_BACKSLASH='\'
AM_DEFAULT_V='$(AM_DEFAULT_VERBOSITY)'
AM_DEFAULT_VERBOSITY='0'
AM_V='$(V)'
AR='ar'
AS='as'
AUTOCONF='${SHELL} /home/translucentfoxhuman/projects/tlclipedit/missing autoconf'
AUTOHEADER='${SHELL} /home/translucentfoxhuman/projects/tlclipedit/missing autoheader'
AUTOMAKE='${SHELL} /home/translucentfoxhuman/projects/tlclipedit/missing automake-1.15'
AWK='mawk'
CATALOGS=''
CATOBJEXT='.gmo'
CC='gcc'
CCDEPMODE='depmode=gcc3'
CFLAGS='-g -O2'
CPP='gcc -E'
CPPFLAGS=''
CYGPATH_W='echo'
DATADIRNAME='share'
DEFS='-DHAVE_CONFIG_H'
DEPDIR='.deps'
DLLTOOL='false'
DSYMUTIL=''
DUMPBIN=''
ECHO_C=''
ECHO_N='-n'
ECHO_T=''
EGREP='/bin/grep -E'
EXEEXT=''
FGREP='/bin/grep -F'
GETTEXT_PACKAGE='tlclipedit'
GMOFILES=''
GMSGFMT='/usr/bin/msgfmt'
GREP='/bin/grep'
INSTALL_DATA='${INSTALL} -m 644'
INSTALL_PROGRAM='${INSTALL}'
INSTALL_SCRIPT='${INSTALL}'
INSTALL_STRIP_PROGRAM='$(install_sh) -c -s'
INSTOBJEXT='.mo'
INTLLIBS=''
INTLTOOL_CAVES_RULE='%.caves:     %.caves.in     $(INTLTOOL_MERGE) $(wildcard $(top_srcdir)/po/*.po) ; $(INTLTOOL_V_MERGE)LC_ALL=C $(INTLTOOL_MERGE) $(INTLTOOL_V_MERGE_OPTIONS) -d -u -c $(top_builddir)/po/.intltool-merge-cache $(top_srcdir)/po $< $@'
INTLTOOL_DESKTOP_RULE='%.desktop:   %.desktop.in   $(INTLTOOL_MERGE) $(wildcard $(top_srcdir)/po/*.po) ; $(INTLTOOL_V_MERGE)LC_ALL=C $(INTLTOOL_MERGE) $(INTLTOOL_V_MERGE_OPTIONS) -d -u -c $(top_builddir)/po/.intltool-merge-cache $(top_srcdir)/po $< $@'
INTLTOOL_DIRECTORY_RULE='%.directory: %.directory.in $(INTLTOOL_MERGE) $(wildcard $(top_srcdir)/po/*.po) ; $(INTLTOOL_V_MERGE)LC_ALL=C $(INTLTOOL_MERGE) $(INTLTOOL_V_MERGE_OPTIONS) -d -u -c $(top_builddir)/po/.intltool-merge-cache $(top_srcdir)/po $< $@'
INTLTOOL_EXTRACT='/usr/bin/intltool-extract'
INTLTOOL_KBD_RULE='%.kbd:       %.kbd.in       $(INTLTOOL_MERGE) $(wildcard $(top_srcdir)/po/*.po) ; $(INTLTOOL_V_MERGE)LC_ALL=C $(INTLTOOL_MERGE) $(INTLTOOL_V_MERGE_OPTIONS) -x -u -m -c $(top_builddir)/po/.intltool-merge-cache $(top_srcdir)/po $< $@'
INTLTOOL_KEYS_RULE='%.keys:      %.keys.in      $(INTLTOOL_MERGE) $(wildcard $(top_srcdir)/po/*.po) ; $(INTLTOOL_V_MERGE)LC_ALL=C $(INTLTOOL_MERGE) $(INTLTOOL_V_MERGE_OPTIONS) -k -u -c $(top_builddir)/po/.intltool-merge-cache $(top_srcdir)/po $< $@'
INTLTOOL_MERGE='/usr/bin/intltool-merge'
INTLTOOL_OAF_RULE='%.oaf:       %.oaf.in       $(INTLTOOL_MERGE) $(wildcard $(top_srcdir)/po/*.po) ; $(INTLTOOL_V_MERGE)LC_ALL=C $(INTLTOOL_MERGE) $(INTLTOOL_V_MERGE_OPTIONS) -o -p $(top_srcdir)/po $< $@'
INTLTOOL_PERL='/usr/bin/perl'
INTLTOOL_POLICY_RULE='%.policy:    %.policy.in    $(INTLTOOL_MERGE) $(wildcard $(top_srcdir)/po/*.po) ; $(INTLTOOL_V_MERGE)LC_ALL=C $(INTLTOOL_MERGE) $(INTLTOOL_V_MERGE_OPTIONS) -x -u -c $(top_builddir)/po/.intltool-merge-cache $(top_srcdir)/po $< $@'
INTLTOOL_PONG_RULE='%.pong:      %.pong.in      $(INTLTOOL_MERGE) $(wildcard $(top_srcdir)/po/*.po) ; $(INTLTOOL_V_MERGE)LC_ALL=C $(INTLTOOL_MERGE) $(INTLTOOL_V_MERGE_OPTIONS) -x -u -c $(top_builddir)/po/.intltool-merge-cache $(top_srcdir)/po $< $@'
INTLTOOL_PROP_RULE='%.prop:      %.prop.in      $(INTLTOOL_MERGE) $(wildcard $(top_srcdir)/po/*.po) ; $(INTLTOOL_V_MERGE)LC_ALL=C $(INTLTOOL_MERGE) $(INTLTOOL_V_MERGE_OPTIONS) -d -u -c $(top_builddir)/po/.intltool-merge-cache $(top_srcdir)/po $< $@'
INTLTOOL_SCHEMAS_RULE='%.schemas:   %.schemas.in   $(INTLTOOL_MERGE) $(wildcard $(top_srcdir)/po/*.po) ; $(INTLTOOL_V_MERGE)LC_ALL=C $(INTLTOOL_MERGE) $(INTLTOOL_V_MERGE_OPTIONS) -s -u -c $(top_builddir)/po/.intltool-merge-cache $(top_srcdir)/po $< $@'
INTLTOOL_SERVER_RULE='%.server:    %.server.in    $(INTLTOOL_MERGE) $(wildcard $(top_srcdir)/po/*.po) ; $(INTLTOOL_V_MERGE)LC_ALL=C $(INTLTOOL_MERGE) $(INTLTOOL_V_MERGE_OPTIONS) -o -u -c $(top_builddir)/po/.intltool-merge-cache $(top_srcdir)/po $< $@'
INTLTOOL_SERVICE_RULE='%.service: %.service.in   $(INTLTOOL_MERGE) $(wildcard $(top_srcdir)/po/*.po) ; $(INTLTOOL_V_MERGE)LC_ALL=C $(INTLTOOL_MERGE) $(INTLTOOL_V_MERGE_OPTIONS) -d -u -c $(top_builddir)/po/.intltool-merge-cache $(top_srcdir)/po $< $@'
INTLTOOL_SHEET_RULE='%.sheet:     %.sheet.in     $(INTLTOOL_MERGE) $(wildcard $(top_srcdir)/po/*.po) ; $(INTLTOOL_V_MERGE)LC_ALL=C $(INTLTOOL_MERGE) $(INTLTOOL_V_MERGE_OPTIONS) -x -u -c $(top_builddir)/po/.intltool-merge-cache $(top_srcdir)/po $< $@'
INTLTOOL_SOUNDLIST_RULE='%.soundlist: %.soundlist.in $(INTLTOOL_MERGE) $(wildcard $(top_srcdir)/po/*.po) ; $(INTLTOOL_V_MERGE)LC_ALL=C $(INTLTOOL_MERGE) $(INTLTOOL_V_MERGE_OPTIONS) -d -u -c $(top_builddir)/po/.intltool-merge-cache $(top_srcdir)/po $< $@'
INTLTOOL_THEME_RULE='%.theme:     %.theme.in     $(INTLTOOL_MERGE) $(wildcard $(top_srcdir)/po/*.po) ; $(INTLTOOL_V_MERGE)LC_ALL=C $(INTLTOOL_MERGE) $(INTLTOOL_V_MERGE_OPTIONS) -d -u -c $(top_builddir)/po/.intltool-merge-cache $(top_srcdir)/po $< $@'
INTLTOOL_UI_RULE='%.ui:        %.ui.in        $(INTLTOOL_MERGE) $(wildcard $(top_srcdir)/po/*.po) ; $(INTLTOOL_V_MERGE)LC_ALL=C $(INTLTOOL_MERGE) $(INTLTOOL_V_MERGE_OPTIONS) -x -u -c $(top_builddir)/po/.intltool-merge-cache $(top_srcdir)/po $< $@'
INTLTOOL_UPDATE='/usr/bin/intltool-update'
INTLTOOL_V_MERGE='$(INTLTOOL__v_MERGE_$(V))'
INTLTOOL_V_MERGE_OPTIONS='$(intltool__v_merge_options_$(V))'
INTLTOOL_XAM_RULE='%.xam:       %.xml.in       $(INTLTOOL_MERGE) $(wildcard $(top_srcdir)/po/*.po) ; $(INTLTOOL_V_MERGE)LC_ALL=C $(INTLTOOL_MERGE) $(INTLTOOL_V_MERGE_OPTIONS) -x -u -c $(top_builddir)/po/.intltool-merge-cache $(top_srcdir)/po $< $@'
INTLTOOL_XML_NOMERGE_RULE='%.xml:       %.xml.in       $(INTLTOOL_MERGE) ; $(INTLTOOL_V_MERGE)LC_ALL=C $(INTLTOOL_MERGE) $(INTLTOOL_V_MERGE_OPTIONS) -x -u --no-translations $< $@'
INTLTOOL_XML_RULE='%.xml:       %.xml.in       $(INTLTOOL_MERGE) $(wildcard $(top_srcdir)/po/*.po) ; $(INTLTOOL_V_MERGE)LC_ALL=C $(INTLTOOL_MERGE) $(INTLTOOL_V_MERGE_OPTIONS) -x -u -c $(top_builddir)/po/.intltool-merge-cache $(top_srcdir)/po $< $@'
INTLTOOL__v_MERGE_0='@echo "  ITMRG " $@;'
INTLTOOL__v_MERGE_='$(INTLTOOL__v_MERGE_$(AM_DEFAULT_VERBOSITY))'
INTL_MACOSX_LIBS=''
LD='/usr/bin/ld -m elf_x86_64'
LDFLAGS=''
LIBOBJS=''
LIBS=''
LIBTOOL='$(SHELL) $(top_builddir)/libtool'
LIPO=''
LN_S='ln -s'
LTLIBOBJS=''
LT_SYS_LIBRARY_PATH=''
MAKEINFO='${SHELL} /home/translucentfoxhuman/projects/tlclipedit/missing makeinfo'
MANIFEST_TOOL=':'
MKDIR_P='/bin/mkdir -p'
MKINSTALLDIRS='./mkinstalldirs'
MSGFMT='/usr/bin/msgfmt'
MSGFMT_OPTS='-c'
MSGMERGE='/usr/bin/msgmerge'
NATIVE_WIN32_FALSE=''
NATIVE_WIN32_TRUE='#'
NM='/usr/bin/nm -B'
NMEDIT=''
OBJDUMP='objdump'
OBJEXT='o'
OTOOL64=''
OTOOL=''
PACKAGE='tlclipedit'
PACKAGE_BUGREPORT=''
PACKAGE_NAME='tlclipedit'
PACKAGE_STRING='tlclipedit 0.1'
PACKAGE_TARNAME='tlclipedit'
PACKAGE_URL=''
PACKAGE_VERSION='0.1'
PATH_SEPARATOR=':'
PKG_CONFIG='/usr/bin/pkg-config'
PKG_CONFIG_LIBDIR=''
PKG_CONFIG_PATH=''
PLATFORM_WIN32_FALSE=''
PLATFORM_WIN32_TRUE='#'
POFILES=''
POSUB='po'
PO_IN_DATADIR_FALSE=''
PO_IN_DATADIR_TRUE=''
RANLIB='ranlib'
SED='/bin/sed'
SET_MAKE=''
SHELL='/bin/bash'
STRIP='strip'
TLCLIPEDIT_CFLAGS='-pthread -I/usr/include/gtk-3.0 -I/usr/include/at-spi2-atk/2.0 -I/usr/include/at-spi-2.0 -I/usr/include/dbus-1.0 -I/usr/lib/x86_64-linux-gnu/dbus-1.0/include -I/usr/include/gtk-3.0 -I/usr/include/gio-unix-2.0/ -I/usr/include/cairo -I/usr/include/pango-1.0 -I/usr/include/harfbuzz -I/usr/include/pango-1.0 -I/usr/include/atk-1.0 -I/usr/include/cairo -I/usr/include/pixman-1 -I/usr/include/freetype2 -I/usr/include/libpng16 -I/usr/include/freetype2 -I/usr/include/libpng16 -I/usr/include/gdk-pixbuf-2.0 -I/usr/include/libpng16 -I/usr/include/glib-2.0 -I/usr/lib/x86_64-linux-gnu/glib-2.0/include'
TLCLIPEDIT_LIBS='-lgtk-3 -lgdk-3 -lpangocairo-1.0 -lpango-1.0 -latk-1.0 -lcairo-gobject -lcairo -lgdk_pixbuf-2.0 -lgio-2.0 -lgobject-2.0 -lglib-2.0'
USE_NLS='yes'
VERSION='0.1'
XGETTEXT='/usr/bin/xgettext'
ac_ct_AR='ar'
ac_ct_CC='gcc'
ac_ct_DUMPBIN=''
am__EXEEXT_FALSE=''
am__EXEEXT_TRUE='#'
am__fastdepCC_FALSE='#'
am__fastdepCC_TRUE=''
am__include='include'
am__isrc=''
am__leading_dot='.'
am__nodep='_no'
am__quote=''
am__tar='$${TAR-tar} chof - "$$tardir"'
am__untar='$${TAR-tar} xf -'
bindir='${exec_prefix}/bin'
build='x86_64-pc-linux-gnu'
build_alias=''
build_cpu='x86_64'
build_os='linux-gnu'
build_vendor='pc'
datadir='${datarootdir}'
datarootdir='${prefix}/share'
docdir='${datarootdir}/doc/${PACKAGE_TARNAME}'
dvidir='${docdir}'
exec_prefix='${prefix}'
host='x86_64-pc-linux-gnu'
host_alias=''
host_cpu='x86_64'
host_os='linux-gnu'
host_vendor='pc'
htmldir='${docdir}'
includedir='${prefix}/include'
infodir='${datarootdir}/info'
install_sh='${SHELL} /home/translucentfoxhuman/projects/tlclipedit/install-sh'
intltool__v_merge_options_0='-q'
intltool__v_merge_options_='$(intltool__v_merge_options_$(AM_DEFAULT_VERBOSITY))'
libdir='${exec_prefix}/lib'
libexecdir='${exec_prefix}/libexec'
localedir='${datarootdir}/locale'
localstatedir='${prefix}/var'
mandir='${datarootdir}/man'
mkdir_p='$(MKDIR_P)'
oldincludedir='/usr/include'
pdfdir='${docdir}'
prefix='/usr/local'
program_transform_name='s,x,x,'
psdir='${docdir}'
runstatedir='${localstatedir}/run'
sbindir='${exec_prefix}/sbin'
sharedstatedir='${prefix}/com'
sysconfdir='${prefix}/etc'
target_alias=''

## ----------- ##
## confdefs.h. ##
## ----------- ##

/* confdefs.h */
#define PACKAGE_NAME "tlclipedit"
#define PACKAGE_TARNAME "tlclipedit"
#define PACKAGE_VERSION "0.1"
#define PACKAGE_STRING "tlclipedit 0.1"
#define PACKAGE_BUGREPORT ""
#define PACKAGE_URL ""
#define PACKAGE "tlclipedit"
#define VERSION "0.1"
#define GETTEXT_PACKAGE "tlclipedit"
#define STDC_HEADERS 1
#define HAVE_SYS_TYPES_H 1
#define HAVE_SYS_STAT_H 1
#define HAVE_STDLIB_H 1
#define HAVE_STRING_H 1
#define HAVE_MEMORY_H 1
#define HAVE_STRINGS_H 1
#define HAVE_INTTYPES_H 1
#define HAVE_STDINT_H 1
#define HAVE_UNISTD_H 1
#define HAVE_LOCALE_H 1
#define HAVE_LC_MESSAGES 1
#define HAVE_BIND_TEXTDOMAIN_CODESET 1
#define HAVE_GETTEXT 1
#define HAVE_DCGETTEXT 1
#define ENABLE_NLS 1
#define HAVE_DLFCN_H 1
#define LT_OBJDIR ".libs/"

configure: exit 0
